<?xml version="1.0" encoding="UTF-8"?>
<!-- Generated by org.testng.reporters.JUnitReportReporter -->
<testsuite skipped="0" hostname="rockygupta" name="com.qa.pages.LoginPageTest" tests="1" failures="0" timestamp="28 Sep 2019 08:02:51 GMT" time="11.865" errors="0">
  <testcase name="AddingNewMovie" time="11.865" classname="com.qa.pages.LoginPageTest"/>
</testsuite> <!-- com.qa.pages.LoginPageTest -->
