<?xml version="1.0" encoding="UTF-8"?>
<!-- Generated by org.testng.reporters.JUnitReportReporter -->
<testsuite skipped="0" hostname="rockygupta" name="com.qa.pages.ParallelExecution" tests="2" failures="0" timestamp="28 Sep 2019 10:32:00 GMT" time="28.744" errors="0">
  <testcase name="AddingNewMovie" time="12.103" classname="com.qa.pages.ParallelExecution"/>
  <testcase name="VerifyMovies" time="16.641" classname="com.qa.pages.ParallelExecution"/>
</testsuite> <!-- com.qa.pages.ParallelExecution -->
