<?xml version="1.0" encoding="UTF-8"?>
<!-- Generated by org.testng.reporters.JUnitReportReporter -->
<testsuite skipped="0" hostname="rockygupta" name="com.qa.pages.LoginPageTest" tests="1" failures="0" timestamp="28 Sep 2019 09:51:26 GMT" time="25.875" errors="0">
  <testcase name="AddingNewMovie" time="25.875" classname="com.qa.pages.LoginPageTest"/>
</testsuite> <!-- com.qa.pages.LoginPageTest -->
